[debug] [2021-10-20T15:24:00.314Z] ----------------------------------------------------------------------
[debug] [2021-10-20T15:24:00.315Z] Command:       /Users/kevin/.nvm/versions/node/v14.18.1/bin/node /Users/kevin/.nvm/versions/node/v14.18.1/bin/firebase emulators:start
[debug] [2021-10-20T15:24:00.315Z] CLI Version:   9.20.0
[debug] [2021-10-20T15:24:00.315Z] Platform:      darwin
[debug] [2021-10-20T15:24:00.316Z] Node Version:  v14.18.1
[debug] [2021-10-20T15:24:00.316Z] Time:          Wed Oct 20 2021 11:24:00 GMT-0400 (Eastern Daylight Time)
[debug] [2021-10-20T15:24:00.316Z] ----------------------------------------------------------------------
[debug] 
[debug] [2021-10-20T15:24:00.360Z] > command requires scopes: ["email","openid","https://www.googleapis.com/auth/cloudplatformprojects.readonly","https://www.googleapis.com/auth/firebase","https://www.googleapis.com/auth/cloud-platform"]
[debug] [2021-10-20T15:24:00.361Z] > authorizing via signed-in user (kevpkra@gmail.com)
[info] i  emulators: Starting emulators: auth, functions, firestore, pubsub, storage {"metadata":{"emulator":{"name":"hub"},"message":"Starting emulators: auth, functions, firestore, pubsub, storage"}}
[debug] [2021-10-20T15:24:00.377Z] [hub] writing locator at /var/folders/76/xyy90r_93flfc7lw3fnmf6vw0000gn/T/hub-parakeet-cms-development.json
[warn] ⚠  functions: The following emulators are not running, calls to these services from the Functions emulator will affect production: database, hosting {"metadata":{"emulator":{"name":"functions"},"message":"The following emulators are not running, calls to these services from the Functions emulator will affect production: \u001b[1mdatabase, hosting\u001b[22m"}}
[info] ✔  functions: Using node@14 from host. {"metadata":{"emulator":{"name":"functions"},"message":"Using node@14 from host."}}
[debug] [2021-10-20T15:24:00.391Z] defaultcredentials: writing to file /Users/kevin/.config/firebase/kevpkra_gmail_com_application_default_credentials.json
[debug] [2021-10-20T15:24:00.392Z] Setting GAC to /Users/kevin/.config/firebase/kevpkra_gmail_com_application_default_credentials.json {"metadata":{"emulator":{"name":"functions"},"message":"Setting GAC to /Users/kevin/.config/firebase/kevpkra_gmail_com_application_default_credentials.json"}}
[debug] [2021-10-20T15:24:00.395Z] > refreshing access token with scopes: []
[debug] [2021-10-20T15:24:00.396Z] >>> HTTP REQUEST POST https://www.googleapis.com/oauth2/v3/token  
 <request body omitted>
[debug] [2021-10-20T15:24:00.539Z] <<< HTTP RESPONSE 200 {"cache-control":"no-cache, no-store, max-age=0, must-revalidate","pragma":"no-cache","date":"Wed, 20 Oct 2021 15:24:00 GMT","expires":"Mon, 01 Jan 1990 00:00:00 GMT","content-type":"application/json; charset=utf-8","vary":"X-Origin, Referer, Origin,Accept-Encoding","server":"scaffolding on HTTPServer2","x-xss-protection":"0","x-frame-options":"SAMEORIGIN","x-content-type-options":"nosniff","alt-svc":"h3=\":443\"; ma=2592000,h3-29=\":443\"; ma=2592000,h3-T051=\":443\"; ma=2592000,h3-Q050=\":443\"; ma=2592000,h3-Q046=\":443\"; ma=2592000,h3-Q043=\":443\"; ma=2592000,quic=\":443\"; ma=2592000; v=\"46,43\"","accept-ranges":"none","transfer-encoding":"chunked"}
[debug] [2021-10-20T15:24:00.587Z] >>> [apiv2][query] GET https://firebase.googleapis.com/v1beta1/projects/parakeet-cms-development/adminSdkConfig [none]
[debug] [2021-10-20T15:24:00.783Z] <<< [apiv2][status] GET https://firebase.googleapis.com/v1beta1/projects/parakeet-cms-development/adminSdkConfig 200
[debug] [2021-10-20T15:24:00.784Z] <<< [apiv2][body] GET https://firebase.googleapis.com/v1beta1/projects/parakeet-cms-development/adminSdkConfig {"projectId":"parakeet-cms-development","storageBucket":"parakeet-cms-development.appspot.com","locationId":"us-central"}
[debug] [2021-10-20T15:24:00.813Z] Ignoring unsupported arg: projectId {"metadata":{"emulator":{"name":"firestore"},"message":"Ignoring unsupported arg: projectId"}}
[debug] [2021-10-20T15:24:00.813Z] Ignoring unsupported arg: auto_download {"metadata":{"emulator":{"name":"firestore"},"message":"Ignoring unsupported arg: auto_download"}}
[debug] [2021-10-20T15:24:00.813Z] Starting Firestore Emulator with command {"binary":"java","args":["-Dgoogle.cloud_firestore.debug_log_level=FINE","-Duser.language=en","-jar","/Users/kevin/.cache/firebase/emulators/cloud-firestore-emulator-v1.13.1.jar","--host","localhost","--port",8080,"--rules","/Users/kevin/Desktop/Parakeet-Labs/parakeet-cms-v2/firestore.rules","--functions_emulator","localhost:5001"],"optionalArgs":["port","webchannel_port","host","rules","functions_emulator","seed_from_export"],"joinArgs":false} {"metadata":{"emulator":{"name":"firestore"},"message":"Starting Firestore Emulator with command {\"binary\":\"java\",\"args\":[\"-Dgoogle.cloud_firestore.debug_log_level=FINE\",\"-Duser.language=en\",\"-jar\",\"/Users/kevin/.cache/firebase/emulators/cloud-firestore-emulator-v1.13.1.jar\",\"--host\",\"localhost\",\"--port\",8080,\"--rules\",\"/Users/kevin/Desktop/Parakeet-Labs/parakeet-cms-v2/firestore.rules\",\"--functions_emulator\",\"localhost:5001\"],\"optionalArgs\":[\"port\",\"webchannel_port\",\"host\",\"rules\",\"functions_emulator\",\"seed_from_export\"],\"joinArgs\":false}"}}
[info] i  firestore: Firestore Emulator logging to firestore-debug.log {"metadata":{"emulator":{"name":"firestore"},"message":"Firestore Emulator logging to \u001b[1mfirestore-debug.log\u001b[22m"}}
[debug] [2021-10-20T15:24:01.541Z] Oct 20, 2021 11:24:01 AM com.google.cloud.datastore.emulator.firestore.websocket.WebSocketServer start
INFO: Started WebSocket server on ws://localhost:49813
 {"metadata":{"emulator":{"name":"firestore"},"message":"Oct 20, 2021 11:24:01 AM com.google.cloud.datastore.emulator.firestore.websocket.WebSocketServer start\nINFO: Started WebSocket server on ws://localhost:49813\n"}}
[debug] [2021-10-20T15:24:01.559Z] API endpoint: http://localhost {"metadata":{"emulator":{"name":"firestore"},"message":"API endpoint: http://localhost"}}
[debug] [2021-10-20T15:24:01.559Z] :8080
If you are using a library that supports the FIRESTORE_EMULATOR_HOST environment variable, run:

   export FIRESTORE_EMULATOR_HOST=localhost:8080

Dev App Server is now running.

 {"metadata":{"emulator":{"name":"firestore"},"message":":8080\nIf you are using a library that supports the FIRESTORE_EMULATOR_HOST environment variable, run:\n\n   export FIRESTORE_EMULATOR_HOST=localhost:8080\n\nDev App Server is now running.\n\n"}}
[debug] [2021-10-20T15:24:03.877Z] Ignoring unsupported arg: projectId {"metadata":{"emulator":{"name":"pubsub"},"message":"Ignoring unsupported arg: projectId"}}
[debug] [2021-10-20T15:24:03.877Z] Ignoring unsupported arg: auto_download {"metadata":{"emulator":{"name":"pubsub"},"message":"Ignoring unsupported arg: auto_download"}}
[debug] [2021-10-20T15:24:03.877Z] Starting Pub/Sub Emulator with command {"binary":"/Users/kevin/.cache/firebase/emulators/pubsub-emulator-0.1.0/pubsub-emulator/bin/cloud-pubsub-emulator","args":["--host=localhost","--port=8085"],"optionalArgs":["port","host"],"joinArgs":true} {"metadata":{"emulator":{"name":"pubsub"},"message":"Starting Pub/Sub Emulator with command {\"binary\":\"/Users/kevin/.cache/firebase/emulators/pubsub-emulator-0.1.0/pubsub-emulator/bin/cloud-pubsub-emulator\",\"args\":[\"--host=localhost\",\"--port=8085\"],\"optionalArgs\":[\"port\",\"host\"],\"joinArgs\":true}"}}
[info] i  pubsub: Pub/Sub Emulator logging to pubsub-debug.log {"metadata":{"emulator":{"name":"pubsub"},"message":"Pub/Sub Emulator logging to \u001b[1mpubsub-debug.log\u001b[22m"}}
[debug] [2021-10-20T15:24:03.984Z] This is the Google Pub/Sub fake.
Implementation may be incomplete or differ from the real system.
 {"metadata":{"emulator":{"name":"pubsub"},"message":"This is the Google Pub/Sub fake.\nImplementation may be incomplete or differ from the real system.\n"}}
[debug] [2021-10-20T15:24:04.016Z] Oct 20, 2021 11:24:03 AM com.google.cloud.pubsub.testing.v1.Main main
INFO: IAM integration is disabled. IAM policy methods and ACL checks are not supported
 {"metadata":{"emulator":{"name":"pubsub"},"message":"Oct 20, 2021 11:24:03 AM com.google.cloud.pubsub.testing.v1.Main main\nINFO: IAM integration is disabled. IAM policy methods and ACL checks are not supported\n"}}
[debug] [2021-10-20T15:24:04.344Z] Oct 20, 2021 11:24:04 AM io.gapi.emulators.netty.NettyUtil applyJava7LongHostnameWorkaround
INFO: Unable to apply Java 7 long hostname workaround.
 {"metadata":{"emulator":{"name":"pubsub"},"message":"Oct 20, 2021 11:24:04 AM io.gapi.emulators.netty.NettyUtil applyJava7LongHostnameWorkaround\nINFO: Unable to apply Java 7 long hostname workaround.\n"}}
[debug] [2021-10-20T15:24:04.413Z] Oct 20, 2021 11:24:04 AM com.google.cloud.pubsub.testing.v1.Main main
INFO: Server started, listening on 8085
 {"metadata":{"emulator":{"name":"pubsub"},"message":"Oct 20, 2021 11:24:04 AM com.google.cloud.pubsub.testing.v1.Main main\nINFO: Server started, listening on 8085\n"}}
[debug] [2021-10-20T15:24:04.647Z] Ignoring unsupported arg: port {"metadata":{"emulator":{"name":"storage"},"message":"Ignoring unsupported arg: port"}}
[debug] [2021-10-20T15:24:04.716Z] Oct 20, 2021 11:24:04 AM io.gapi.emulators.grpc.GrpcServer$3 operationComplete
INFO: Adding handler(s) to newly registered Channel.
 {"metadata":{"emulator":{"name":"pubsub"},"message":"Oct 20, 2021 11:24:04 AM io.gapi.emulators.grpc.GrpcServer$3 operationComplete\nINFO: Adding handler(s) to newly registered Channel.\n"}}
[debug] [2021-10-20T15:24:04.788Z] Temp file directory for storage emulator: /var/folders/76/xyy90r_93flfc7lw3fnmf6vw0000gn/T/firebase/storage/blobs {"metadata":{"emulator":{"name":"storage"},"message":"Temp file directory for storage emulator: /var/folders/76/xyy90r_93flfc7lw3fnmf6vw0000gn/T/firebase/storage/blobs"}}
[debug] [2021-10-20T15:24:05.252Z] Ignoring unsupported arg: auto_download {"metadata":{"emulator":{"name":"ui"},"message":"Ignoring unsupported arg: auto_download"}}
[debug] [2021-10-20T15:24:05.252Z] Ignoring unsupported arg: port {"metadata":{"emulator":{"name":"ui"},"message":"Ignoring unsupported arg: port"}}
[debug] [2021-10-20T15:24:05.252Z] Starting Emulator UI with command {"binary":"node","args":["/Users/kevin/.cache/firebase/emulators/ui-v1.6.3/server.bundle.js"],"optionalArgs":[],"joinArgs":false} {"metadata":{"emulator":{"name":"ui"},"message":"Starting Emulator UI with command {\"binary\":\"node\",\"args\":[\"/Users/kevin/.cache/firebase/emulators/ui-v1.6.3/server.bundle.js\"],\"optionalArgs\":[],\"joinArgs\":false}"}}
[info] i  ui: Emulator UI logging to ui-debug.log {"metadata":{"emulator":{"name":"ui"},"message":"Emulator UI logging to \u001b[1mui-debug.log\u001b[22m"}}
[debug] [2021-10-20T15:24:05.331Z] Web / API server started at localhost:4000
 {"metadata":{"emulator":{"name":"ui"},"message":"Web / API server started at localhost:4000\n"}}
[info] i  functions: Watching "/Users/kevin/Desktop/Parakeet-Labs/parakeet-cms-v2/functions" for Cloud Functions... {"metadata":{"emulator":{"name":"functions"},"message":"Watching \"/Users/kevin/Desktop/Parakeet-Labs/parakeet-cms-v2/functions\" for Cloud Functions..."}}
[debug] [2021-10-20T15:24:05.525Z] [worker-pool] addWorker(~diagnostic~) {"metadata":{"emulator":{"name":"functions"},"message":"[worker-pool] addWorker(~diagnostic~)"}}
[debug] [2021-10-20T15:24:05.525Z] [worker-pool] Adding worker with key ~diagnostic~, total=1 {"metadata":{"emulator":{"name":"functions"},"message":"[worker-pool] Adding worker with key ~diagnostic~, total=1"}}
[debug] [2021-10-20T15:24:05.526Z] [worker-pool] submitWork(triggerId=) {"metadata":{"emulator":{"name":"functions"},"message":"[worker-pool] submitWork(triggerId=)"}}
[debug] [2021-10-20T15:24:05.526Z] [worker-~diagnostic~-45abc8e0-7e59-4a5d-abcc-74b779389666]: Assigning socketPath: /var/folders/76/xyy90r_93flfc7lw3fnmf6vw0000gn/T/fire_emu_5772.sock {"metadata":{"emulator":{"name":"functions"},"message":"[worker-~diagnostic~-45abc8e0-7e59-4a5d-abcc-74b779389666]: Assigning socketPath: /var/folders/76/xyy90r_93flfc7lw3fnmf6vw0000gn/T/fire_emu_5772.sock"}}
[debug] [2021-10-20T15:24:05.526Z] [worker-~diagnostic~-45abc8e0-7e59-4a5d-abcc-74b779389666]: BUSY {"metadata":{"emulator":{"name":"functions"},"message":"[worker-~diagnostic~-45abc8e0-7e59-4a5d-abcc-74b779389666]: BUSY"}}
[debug] [2021-10-20T15:24:05.640Z] [runtime-status] [5772] Functions runtime initialized. {"cwd":"/Users/kevin/Desktop/Parakeet-Labs/parakeet-cms-v2/functions","node_version":"14.18.1"} {"metadata":{"emulator":{"name":"functions"},"message":"[runtime-status] [5772] Functions runtime initialized. {\"cwd\":\"/Users/kevin/Desktop/Parakeet-Labs/parakeet-cms-v2/functions\",\"node_version\":\"14.18.1\"}"}}
[debug] [2021-10-20T15:24:05.640Z] [runtime-status] [5772] Disabled runtime features: undefined {"metadata":{"emulator":{"name":"functions"},"message":"[runtime-status] [5772] Disabled runtime features: undefined"}}
[debug] [2021-10-20T15:24:05.642Z] [runtime-status] [5772] Resolved module firebase-admin {"declared":true,"installed":true,"version":"9.12.0","resolution":"/Users/kevin/Desktop/Parakeet-Labs/parakeet-cms-v2/functions/node_modules/firebase-admin/lib/index.js"} {"metadata":{"emulator":{"name":"functions"},"message":"[runtime-status] [5772] Resolved module firebase-admin {\"declared\":true,\"installed\":true,\"version\":\"9.12.0\",\"resolution\":\"/Users/kevin/Desktop/Parakeet-Labs/parakeet-cms-v2/functions/node_modules/firebase-admin/lib/index.js\"}"}}
[debug] [2021-10-20T15:24:05.644Z] [runtime-status] [5772] Resolved module firebase-functions {"declared":true,"installed":true,"version":"3.15.7","resolution":"/Users/kevin/Desktop/Parakeet-Labs/parakeet-cms-v2/functions/node_modules/firebase-functions/lib/index.js"} {"metadata":{"emulator":{"name":"functions"},"message":"[runtime-status] [5772] Resolved module firebase-functions {\"declared\":true,\"installed\":true,\"version\":\"3.15.7\",\"resolution\":\"/Users/kevin/Desktop/Parakeet-Labs/parakeet-cms-v2/functions/node_modules/firebase-functions/lib/index.js\"}"}}
[debug] [2021-10-20T15:24:05.645Z] [runtime-status] [5772] Outgoing network have been stubbed. [{"name":"http","status":"mocked"},{"name":"http","status":"mocked"},{"name":"https","status":"mocked"},{"name":"https","status":"mocked"},{"name":"net","status":"mocked"}] {"metadata":{"emulator":{"name":"functions"},"message":"[runtime-status] [5772] Outgoing network have been stubbed. [{\"name\":\"http\",\"status\":\"mocked\"},{\"name\":\"http\",\"status\":\"mocked\"},{\"name\":\"https\",\"status\":\"mocked\"},{\"name\":\"https\",\"status\":\"mocked\"},{\"name\":\"net\",\"status\":\"mocked\"}]"}}
[debug] [2021-10-20T15:24:05.645Z] [runtime-status] [5772] Resolved module firebase-functions {"declared":true,"installed":true,"version":"3.15.7","resolution":"/Users/kevin/Desktop/Parakeet-Labs/parakeet-cms-v2/functions/node_modules/firebase-functions/lib/index.js"} {"metadata":{"emulator":{"name":"functions"},"message":"[runtime-status] [5772] Resolved module firebase-functions {\"declared\":true,\"installed\":true,\"version\":\"3.15.7\",\"resolution\":\"/Users/kevin/Desktop/Parakeet-Labs/parakeet-cms-v2/functions/node_modules/firebase-functions/lib/index.js\"}"}}
[debug] [2021-10-20T15:24:05.672Z] [runtime-status] [5772] Checked functions.config() {"config":{}} {"metadata":{"emulator":{"name":"functions"},"message":"[runtime-status] [5772] Checked functions.config() {\"config\":{}}"}}
[debug] [2021-10-20T15:24:05.672Z] [runtime-status] [5772] firebase-functions has been stubbed. {"functionsResolution":{"declared":true,"installed":true,"version":"3.15.7","resolution":"/Users/kevin/Desktop/Parakeet-Labs/parakeet-cms-v2/functions/node_modules/firebase-functions/lib/index.js"}} {"metadata":{"emulator":{"name":"functions"},"message":"[runtime-status] [5772] firebase-functions has been stubbed. {\"functionsResolution\":{\"declared\":true,\"installed\":true,\"version\":\"3.15.7\",\"resolution\":\"/Users/kevin/Desktop/Parakeet-Labs/parakeet-cms-v2/functions/node_modules/firebase-functions/lib/index.js\"}}"}}
[debug] [2021-10-20T15:24:05.672Z] [runtime-status] [5772] Resolved module firebase-functions {"declared":true,"installed":true,"version":"3.15.7","resolution":"/Users/kevin/Desktop/Parakeet-Labs/parakeet-cms-v2/functions/node_modules/firebase-functions/lib/index.js"} {"metadata":{"emulator":{"name":"functions"},"message":"[runtime-status] [5772] Resolved module firebase-functions {\"declared\":true,\"installed\":true,\"version\":\"3.15.7\",\"resolution\":\"/Users/kevin/Desktop/Parakeet-Labs/parakeet-cms-v2/functions/node_modules/firebase-functions/lib/index.js\"}"}}
[debug] [2021-10-20T15:24:05.673Z] [runtime-status] [5772] Resolved module firebase-admin {"declared":true,"installed":true,"version":"9.12.0","resolution":"/Users/kevin/Desktop/Parakeet-Labs/parakeet-cms-v2/functions/node_modules/firebase-admin/lib/index.js"} {"metadata":{"emulator":{"name":"functions"},"message":"[runtime-status] [5772] Resolved module firebase-admin {\"declared\":true,\"installed\":true,\"version\":\"9.12.0\",\"resolution\":\"/Users/kevin/Desktop/Parakeet-Labs/parakeet-cms-v2/functions/node_modules/firebase-admin/lib/index.js\"}"}}
[debug] [2021-10-20T15:24:05.674Z] [runtime-status] [5772] Resolved module firebase-functions {"declared":true,"installed":true,"version":"3.15.7","resolution":"/Users/kevin/Desktop/Parakeet-Labs/parakeet-cms-v2/functions/node_modules/firebase-functions/lib/index.js"} {"metadata":{"emulator":{"name":"functions"},"message":"[runtime-status] [5772] Resolved module firebase-functions {\"declared\":true,\"installed\":true,\"version\":\"3.15.7\",\"resolution\":\"/Users/kevin/Desktop/Parakeet-Labs/parakeet-cms-v2/functions/node_modules/firebase-functions/lib/index.js\"}"}}
[debug] [2021-10-20T15:24:05.674Z] [runtime-status] [5772] firebase-admin has been stubbed. {"adminResolution":{"declared":true,"installed":true,"version":"9.12.0","resolution":"/Users/kevin/Desktop/Parakeet-Labs/parakeet-cms-v2/functions/node_modules/firebase-admin/lib/index.js"}} {"metadata":{"emulator":{"name":"functions"},"message":"[runtime-status] [5772] firebase-admin has been stubbed. {\"adminResolution\":{\"declared\":true,\"installed\":true,\"version\":\"9.12.0\",\"resolution\":\"/Users/kevin/Desktop/Parakeet-Labs/parakeet-cms-v2/functions/node_modules/firebase-admin/lib/index.js\"}}"}}
[info] ✔  functions[us-central1-helloWorld]: http function initialized (http://localhost:5001/parakeet-cms-development/us-central1/helloWorld). {"metadata":{"emulator":{"name":"functions"},"message":"\u001b[1mhttp\u001b[22m function initialized (http://localhost:5001/parakeet-cms-development/us-central1/helloWorld)."}}
[info] 
┌─────────────────────────────────────────────────────────────┐
│ ✔  All emulators ready! It is now safe to connect your app. │
│ i  View Emulator UI at http://localhost:4000                │
└─────────────────────────────────────────────────────────────┘

┌────────────────┬────────────────┬─────────────────────────────────┐
│ Emulator       │ Host:Port      │ View in Emulator UI             │
├────────────────┼────────────────┼─────────────────────────────────┤
│ Authentication │ localhost:9099 │ http://localhost:4000/auth      │
├────────────────┼────────────────┼─────────────────────────────────┤
│ Functions      │ localhost:5001 │ http://localhost:4000/functions │
├────────────────┼────────────────┼─────────────────────────────────┤
│ Firestore      │ localhost:8080 │ http://localhost:4000/firestore │
├────────────────┼────────────────┼─────────────────────────────────┤
│ Pub/Sub        │ localhost:8085 │ n/a                             │
├────────────────┼────────────────┼─────────────────────────────────┤
│ Storage        │ localhost:9199 │ http://localhost:4000/storage   │
└────────────────┴────────────────┴─────────────────────────────────┘
  Emulator Hub running at localhost:4400
  Other reserved ports: 4500

Issues? Report them at https://github.com/firebase/firebase-tools/issues and attach the *-debug.log files.
 
[debug] [2021-10-20T15:24:05.679Z] [worker-~diagnostic~-45abc8e0-7e59-4a5d-abcc-74b779389666]: IDLE {"metadata":{"emulator":{"name":"functions"},"message":"[worker-~diagnostic~-45abc8e0-7e59-4a5d-abcc-74b779389666]: IDLE"}}
[debug] [2021-10-20T15:24:14.185Z] Oct 20, 2021 11:24:14 AM io.gapi.emulators.netty.HttpVersionRoutingHandler channelRead
INFO: Detected non-HTTP/2 connection.
 {"metadata":{"emulator":{"name":"firestore"},"message":"Oct 20, 2021 11:24:14 AM io.gapi.emulators.netty.HttpVersionRoutingHandler channelRead\nINFO: Detected non-HTTP/2 connection.\n"}}
[debug] [2021-10-20T15:24:14.269Z] Oct 20, 2021 11:24:14 AM com.google.cloud.datastore.emulator.firestore.websocket.WebSocketChannelHandler initChannel
INFO: Connected to new websocket client
 {"metadata":{"emulator":{"name":"firestore"},"message":"Oct 20, 2021 11:24:14 AM com.google.cloud.datastore.emulator.firestore.websocket.WebSocketChannelHandler initChannel\nINFO: Connected to new websocket client\n"}}
[debug] [2021-10-20T15:24:18.176Z] Oct 20, 2021 11:24:18 AM io.gapi.emulators.netty.HttpVersionRoutingHandler channelRead
INFO: Detected non-HTTP/2 connection.
 {"metadata":{"emulator":{"name":"firestore"},"message":"Oct 20, 2021 11:24:18 AM io.gapi.emulators.netty.HttpVersionRoutingHandler channelRead\nINFO: Detected non-HTTP/2 connection.\n"}}
[debug] [2021-10-20T15:24:20.203Z] Oct 20, 2021 11:24:20 AM io.gapi.emulators.netty.HttpVersionRoutingHandler channelRead
INFO: Detected non-HTTP/2 connection.
 {"metadata":{"emulator":{"name":"firestore"},"message":"Oct 20, 2021 11:24:20 AM io.gapi.emulators.netty.HttpVersionRoutingHandler channelRead\nINFO: Detected non-HTTP/2 connection.\n"}}
[debug] [2021-10-20T15:24:22.223Z] Oct 20, 2021 11:24:22 AM io.gapi.emulators.netty.HttpVersionRoutingHandler channelRead
INFO: Detected non-HTTP/2 connection.
 {"metadata":{"emulator":{"name":"firestore"},"message":"Oct 20, 2021 11:24:22 AM io.gapi.emulators.netty.HttpVersionRoutingHandler channelRead\nINFO: Detected non-HTTP/2 connection.\n"}}
[debug] [2021-10-20T15:24:24.249Z] Oct 20, 2021 11:24:24 AM io.gapi.emulators.netty.HttpVersionRoutingHandler channelRead
INFO: Detected non-HTTP/2 connection.
 {"metadata":{"emulator":{"name":"firestore"},"message":"Oct 20, 2021 11:24:24 AM io.gapi.emulators.netty.HttpVersionRoutingHandler channelRead\nINFO: Detected non-HTTP/2 connection.\n"}}
[debug] [2021-10-20T15:24:26.266Z] Oct 20, 2021 11:24:26 AM io.gapi.emulators.netty.HttpVersionRoutingHandler channelRead
INFO: Detected non-HTTP/2 connection.
 {"metadata":{"emulator":{"name":"firestore"},"message":"Oct 20, 2021 11:24:26 AM io.gapi.emulators.netty.HttpVersionRoutingHandler channelRead\nINFO: Detected non-HTTP/2 connection.\n"}}
[debug] [2021-10-20T15:24:28.283Z] Oct 20, 2021 11:24:28 AM io.gapi.emulators.netty.HttpVersionRoutingHandler channelRead
INFO: Detected non-HTTP/2 connection.
 {"metadata":{"emulator":{"name":"firestore"},"message":"Oct 20, 2021 11:24:28 AM io.gapi.emulators.netty.HttpVersionRoutingHandler channelRead\nINFO: Detected non-HTTP/2 connection.\n"}}
[debug] [2021-10-20T15:24:30.299Z] Oct 20, 2021 11:24:30 AM io.gapi.emulators.netty.HttpVersionRoutingHandler channelRead
INFO: Detected non-HTTP/2 connection.
 {"metadata":{"emulator":{"name":"firestore"},"message":"Oct 20, 2021 11:24:30 AM io.gapi.emulators.netty.HttpVersionRoutingHandler channelRead\nINFO: Detected non-HTTP/2 connection.\n"}}
[debug] [2021-10-20T15:24:32.320Z] Oct 20, 2021 11:24:32 AM io.gapi.emulators.netty.HttpVersionRoutingHandler channelRead
INFO: Detected non-HTTP/2 connection.
 {"metadata":{"emulator":{"name":"firestore"},"message":"Oct 20, 2021 11:24:32 AM io.gapi.emulators.netty.HttpVersionRoutingHandler channelRead\nINFO: Detected non-HTTP/2 connection.\n"}}
[debug] [2021-10-20T15:24:34.340Z] Oct 20, 2021 11:24:34 AM io.gapi.emulators.netty.HttpVersionRoutingHandler channelRead
INFO: Detected non-HTTP/2 connection.
 {"metadata":{"emulator":{"name":"firestore"},"message":"Oct 20, 2021 11:24:34 AM io.gapi.emulators.netty.HttpVersionRoutingHandler channelRead\nINFO: Detected non-HTTP/2 connection.\n"}}
[debug] [2021-10-20T15:24:36.361Z] Oct 20, 2021 11:24:36 AM io.gapi.emulators.netty.HttpVersionRoutingHandler channelRead
INFO: Detected non-HTTP/2 connection.
 {"metadata":{"emulator":{"name":"firestore"},"message":"Oct 20, 2021 11:24:36 AM io.gapi.emulators.netty.HttpVersionRoutingHandler channelRead\nINFO: Detected non-HTTP/2 connection.\n"}}
[debug] [2021-10-20T15:24:38.380Z] Oct 20, 2021 11:24:38 AM io.gapi.emulators.netty.HttpVersionRoutingHandler channelRead
INFO: Detected non-HTTP/2 connection.
 {"metadata":{"emulator":{"name":"firestore"},"message":"Oct 20, 2021 11:24:38 AM io.gapi.emulators.netty.HttpVersionRoutingHandler channelRead\nINFO: Detected non-HTTP/2 connection.\n"}}
[debug] [2021-10-20T15:24:40.406Z] Oct 20, 2021 11:24:40 AM io.gapi.emulators.netty.HttpVersionRoutingHandler channelRead
INFO: Detected non-HTTP/2 connection.
 {"metadata":{"emulator":{"name":"firestore"},"message":"Oct 20, 2021 11:24:40 AM io.gapi.emulators.netty.HttpVersionRoutingHandler channelRead\nINFO: Detected non-HTTP/2 connection.\n"}}
[debug] [2021-10-20T15:24:42.426Z] Oct 20, 2021 11:24:42 AM io.gapi.emulators.netty.HttpVersionRoutingHandler channelRead
INFO: Detected non-HTTP/2 connection.
 {"metadata":{"emulator":{"name":"firestore"},"message":"Oct 20, 2021 11:24:42 AM io.gapi.emulators.netty.HttpVersionRoutingHandler channelRead\nINFO: Detected non-HTTP/2 connection.\n"}}
[debug] [2021-10-20T15:24:44.452Z] Oct 20, 2021 11:24:44 AM io.gapi.emulators.netty.HttpVersionRoutingHandler channelRead
INFO: Detected non-HTTP/2 connection.
 {"metadata":{"emulator":{"name":"firestore"},"message":"Oct 20, 2021 11:24:44 AM io.gapi.emulators.netty.HttpVersionRoutingHandler channelRead\nINFO: Detected non-HTTP/2 connection.\n"}}
[debug] [2021-10-20T15:24:46.470Z] Oct 20, 2021 11:24:46 AM io.gapi.emulators.netty.HttpVersionRoutingHandler channelRead
INFO: Detected non-HTTP/2 connection.
 {"metadata":{"emulator":{"name":"firestore"},"message":"Oct 20, 2021 11:24:46 AM io.gapi.emulators.netty.HttpVersionRoutingHandler channelRead\nINFO: Detected non-HTTP/2 connection.\n"}}
[debug] [2021-10-20T15:24:48.487Z] Oct 20, 2021 11:24:48 AM io.gapi.emulators.netty.HttpVersionRoutingHandler channelRead
INFO: Detected non-HTTP/2 connection.
 {"metadata":{"emulator":{"name":"firestore"},"message":"Oct 20, 2021 11:24:48 AM io.gapi.emulators.netty.HttpVersionRoutingHandler channelRead\nINFO: Detected non-HTTP/2 connection.\n"}}
